<?xml version="1.0" encoding="UTF-8"?>
<!-- Generated by org.testng.reporters.JUnitReportReporter -->
<testsuite hostname="LAPTOP-5J34OG28" failures="0" tests="5" name="QA_Assignment.QA_Assignment.Assignment_Diwakar" time="40.557" errors="0" timestamp="1 Apr 2020 20:15:59 GMT">
  <testcase classname="QA_Assignment.QA_Assignment.Assignment_Diwakar" name="create_account" time="10.254"/>
  <testcase classname="QA_Assignment.QA_Assignment.Assignment_Diwakar" name="order" time="2.933"/>
  <testcase classname="QA_Assignment.QA_Assignment.Assignment_Diwakar" name="adding_product" time="7.254"/>
  <testcase classname="QA_Assignment.QA_Assignment.Assignment_Diwakar" name="checkout" time="13.876"/>
  <testcase classname="QA_Assignment.QA_Assignment.Assignment_Diwakar" name="login" time="6.240"/>
</testsuite> <!-- QA_Assignment.QA_Assignment.Assignment_Diwakar -->
